Arguments: 
  C:\Program Files\nodejs\node.exe C:\Users\MorganO'CONNOR\AppData\Roaming\npm\node_modules\yarn\bin\yarn.js install

PATH: 
  C:\Users\MorganO'CONNOR\Documents\Electron\client-git\node_modules\.bin;C:\Python39\Scripts\;C:\Python39\;C:\windows\system32;C:\windows;C:\windows\System32\Wbem;C:\windows\System32\WindowsPowerShell\v1.0\;C:\windows\System32\OpenSSH\;C:\Program Files (x86)\NVIDIA Corporation\PhysX\Common;C:\Program Files\NVIDIA Corporation\NVIDIA NvDLISR;C:\Program Files\WindowsPowerShell\Scripts;C:\ProgramData\chocolatey\bin;C:\WINDOWS\system32;C:\WINDOWS;C:\WINDOWS\System32\Wbem;C:\WINDOWS\System32\WindowsPowerShell\v1.0\;C:\WINDOWS\System32\OpenSSH\;C:\Program Files\Symfony;C:\Program Files\Git\cmd;C:\Program Files\nodejs\;C:\Program Files\Docker\Docker\resources\bin;C:\ProgramData\DockerDesktop\version-bin;C:\Users\MorganO'CONNOR\scoop\shims;C:\Users\MorganO'CONNOR\AppData\Local\Microsoft\WindowsApps;C:\Users\MorganO'CONNOR\AppData\Local\Microsoft\WindowsApps;C:\src\flutter\flutter\bin;C:\Users\MorganO'CONNOR\AppData\Roaming\npm

Yarn version: 
  1.22.10

Node version: 
  14.17.0

Platform: 
  win32 x64

Trace: 
  Error: EBUSY: resource busy or locked, unlink 'C:\Users\MorganO'CONNOR\Documents\Electron\client-git\node_modules\electron\dist\icudtl.dat'

npm manifest: 
  {
    "name": "client-git",
    "version": "1.0.0",
    "description": "A client git plateforme",
    "main": "src/main.js",
    "scripts": {
      "start": "electron ."
    },
    "author": "Darcoeur",
    "license": "MIT",
    "devDependencies": {
      "electron": "^13.1.2"
    },
    "dependencies": {
      "directory-tree": "^2.2.9",
      "jquery": "^3.6.0",
      "mdbootstrap": "^4.19.2"
    }
  }

yarn manifest: 
  No manifest

Lockfile: 
  No lockfile
